<?xml version="1.0" encoding="UTF-8"?>
<!-- Generated by org.testng.reporters.JUnitXMLReporter -->
<testsuite ignored="0" hostname="DESKTOP-RGU3BLL" failures="0" tests="4" name="Test" time="210.218" errors="0" timestamp="2022-11-16T13:00:21 IST">
  <testcase classname="pagess.Homee" name="DriverIntial" time="55.814"/>
  <testcase classname="pagess.LoginForm" name="Basenavigate" time="51.574"/>
  <testcase classname="pagess.LoginForm" name="Basenavigate" time="52.032"/>
  <testcase classname="pagess.LoginForm" name="Basenavigate" time="50.758"/>
</testsuite> <!-- Test -->
