<?xml version="1.0" encoding="UTF-8"?>
<testng-results ignored="0" total="4" passed="4" failed="0" skipped="0">
  <reporter-output>
  </reporter-output>
  <suite started-at="2022-11-16T12:56:51 IST" name="Suite" finished-at="2022-11-16T13:00:21 IST" duration-ms="210218">
    <groups>
    </groups>
    <test started-at="2022-11-16T12:56:51 IST" name="Test" finished-at="2022-11-16T13:00:21 IST" duration-ms="210218">
      <class name="pagess.LoginForm">
        <test-method signature="Basenavigate(java.lang.String,java.lang.String,java.lang.String)[pri:0, instance:pagess.LoginForm@327bcebd]" started-at="2022-11-16T12:57:47 IST" name="Basenavigate" data-provider="getdata" finished-at="2022-11-16T12:58:38 IST" duration-ms="51574" status="PASS">
          <params>
            <param index="0">
              <value>
                <![CDATA[A]]>
              </value>
            </param>
            <param index="1">
              <value>
                <![CDATA[A@]]>
              </value>
            </param>
            <param index="2">
              <value>
                <![CDATA[A1]]>
              </value>
            </param>
          </params>
          <reporter-output>
          </reporter-output>
        </test-method> <!-- Basenavigate -->
        <test-method signature="Basenavigate(java.lang.String,java.lang.String,java.lang.String)[pri:0, instance:pagess.LoginForm@327bcebd]" started-at="2022-11-16T12:58:38 IST" name="Basenavigate" data-provider="getdata" finished-at="2022-11-16T12:59:30 IST" duration-ms="52032" status="PASS">
          <params>
            <param index="0">
              <value>
                <![CDATA[B]]>
              </value>
            </param>
            <param index="1">
              <value>
                <![CDATA[B@]]>
              </value>
            </param>
            <param index="2">
              <value>
                <![CDATA[B1]]>
              </value>
            </param>
          </params>
          <reporter-output>
          </reporter-output>
        </test-method> <!-- Basenavigate -->
        <test-method signature="Basenavigate(java.lang.String,java.lang.String,java.lang.String)[pri:0, instance:pagess.LoginForm@327bcebd]" started-at="2022-11-16T12:59:30 IST" name="Basenavigate" data-provider="getdata" finished-at="2022-11-16T13:00:21 IST" duration-ms="50758" status="PASS">
          <params>
            <param index="0">
              <value>
                <![CDATA[C]]>
              </value>
            </param>
            <param index="1">
              <value>
                <![CDATA[C@]]>
              </value>
            </param>
            <param index="2">
              <value>
                <![CDATA[C1]]>
              </value>
            </param>
          </params>
          <reporter-output>
          </reporter-output>
        </test-method> <!-- Basenavigate -->
      </class> <!-- pagess.LoginForm -->
      <class name="pagess.Homee">
        <test-method signature="DriverIntial()[pri:0, instance:pagess.Homee@6f44a157]" started-at="2022-11-16T12:56:51 IST" name="DriverIntial" finished-at="2022-11-16T12:57:47 IST" duration-ms="55814" status="PASS">
          <reporter-output>
          </reporter-output>
        </test-method> <!-- DriverIntial -->
      </class> <!-- pagess.Homee -->
    </test> <!-- Test -->
  </suite> <!-- Suite -->
</testng-results>
